<?xml version="1.0" encoding="UTF-8"?>
<!-- Generated by org.testng.reporters.JUnitReportReporter -->
<testsuite hostname="Praveens-MacBook-Pro.local" failures="0" tests="16" name="com.haud.qa.exercise.SeleniumTest.Mobile.MWHaudHeaderNavigationTest" time="160.731" errors="0" timestamp="2021-05-31T13:33:31 IST" skipped="0">
  <testcase classname="com.haud.qa.exercise.SeleniumTest.Mobile.MWHaudHeaderNavigationTest" name="test_LogoClick" time="8.962"/>
  <system-out/>
  <testcase classname="com.haud.qa.exercise.SeleniumTest.Mobile.MWHaudHeaderNavigationTest" name="test_HomeLink" time="6.002"/>
  <system-out/>
  <testcase classname="com.haud.qa.exercise.SeleniumTest.Mobile.MWHaudHeaderNavigationTest" name="test_KnowledgeCenterLink" time="9.393"/>
  <system-out/>
  <testcase classname="com.haud.qa.exercise.SeleniumTest.Mobile.MWHaudHeaderNavigationTest" name="test_TrendingTopicsLink" time="8.948"/>
  <system-out/>
  <testcase classname="com.haud.qa.exercise.SeleniumTest.Mobile.MWHaudHeaderNavigationTest" name="test_ContactLink" time="9.019"/>
  <system-out/>
  <testcase classname="com.haud.qa.exercise.SeleniumTest.Mobile.MWHaudHeaderNavigationTest" name="test_HaudSolutionsLink" time="7.928"/>
  <system-out/>
  <testcase classname="com.haud.qa.exercise.SeleniumTest.Mobile.MWHaudHeaderNavigationTest" name="test_SmartXchangeLink" time="8.920"/>
  <system-out/>
  <testcase classname="com.haud.qa.exercise.SeleniumTest.Mobile.MWHaudHeaderNavigationTest" name="test_SmartNForceLink" time="8.475"/>
  <system-out/>
  <testcase classname="com.haud.qa.exercise.SeleniumTest.Mobile.MWHaudHeaderNavigationTest" name="test_SmartChargeLink" time="8.644"/>
  <system-out/>
  <testcase classname="com.haud.qa.exercise.SeleniumTest.Mobile.MWHaudHeaderNavigationTest" name="test_SmartEnabledLink" time="10.780"/>
  <system-out/>
  <testcase classname="com.haud.qa.exercise.SeleniumTest.Mobile.MWHaudHeaderNavigationTest" name="test_SmartNvisionLink" time="9.245"/>
  <system-out/>
  <testcase classname="com.haud.qa.exercise.SeleniumTest.Mobile.MWHaudHeaderNavigationTest" name="test_SmartBidLink" time="7.996"/>
  <system-out/>
  <testcase classname="com.haud.qa.exercise.SeleniumTest.Mobile.MWHaudHeaderNavigationTest" name="test_AboutHaudLink" time="9.605"/>
  <system-out/>
  <testcase classname="com.haud.qa.exercise.SeleniumTest.Mobile.MWHaudHeaderNavigationTest" name="test_CompanyLink" time="9.497"/>
  <system-out/>
  <testcase classname="com.haud.qa.exercise.SeleniumTest.Mobile.MWHaudHeaderNavigationTest" name="test_MeetTeamLink" time="9.283"/>
  <system-out/>
  <testcase classname="com.haud.qa.exercise.SeleniumTest.Mobile.MWHaudHeaderNavigationTest" name="test_CareersLink" time="28.034"/>
  <system-out/>
</testsuite> <!-- com.haud.qa.exercise.SeleniumTest.Mobile.MWHaudHeaderNavigationTest -->
