<?xml version="1.0" encoding="UTF-8"?>
<!-- Generated by org.testng.reporters.JUnitReportReporter -->
<testsuite hostname="Praveens-MacBook-Pro.local" failures="0" tests="16" name="com.haud.qa.exercise.SeleniumTest.Mobile.MWHaudHeaderNavigationTest" time="128.869" errors="0" timestamp="2021-05-31T16:14:30 IST" skipped="0">
  <testcase classname="com.haud.qa.exercise.SeleniumTest.Mobile.MWHaudHeaderNavigationTest" name="test_LogoClick" time="9.025"/>
  <system-out/>
  <testcase classname="com.haud.qa.exercise.SeleniumTest.Mobile.MWHaudHeaderNavigationTest" name="test_HomeLink" time="6.156"/>
  <system-out/>
  <testcase classname="com.haud.qa.exercise.SeleniumTest.Mobile.MWHaudHeaderNavigationTest" name="test_KnowledgeCenterLink" time="7.995"/>
  <system-out/>
  <testcase classname="com.haud.qa.exercise.SeleniumTest.Mobile.MWHaudHeaderNavigationTest" name="test_TrendingTopicsLink" time="7.315"/>
  <system-out/>
  <testcase classname="com.haud.qa.exercise.SeleniumTest.Mobile.MWHaudHeaderNavigationTest" name="test_ContactLink" time="7.734"/>
  <system-out/>
  <testcase classname="com.haud.qa.exercise.SeleniumTest.Mobile.MWHaudHeaderNavigationTest" name="test_HaudSolutionsLink" time="5.629"/>
  <system-out/>
  <testcase classname="com.haud.qa.exercise.SeleniumTest.Mobile.MWHaudHeaderNavigationTest" name="test_SmartXchangeLink" time="7.765"/>
  <system-out/>
  <testcase classname="com.haud.qa.exercise.SeleniumTest.Mobile.MWHaudHeaderNavigationTest" name="test_SmartNForceLink" time="6.203"/>
  <system-out/>
  <testcase classname="com.haud.qa.exercise.SeleniumTest.Mobile.MWHaudHeaderNavigationTest" name="test_SmartChargeLink" time="8.244"/>
  <system-out/>
  <testcase classname="com.haud.qa.exercise.SeleniumTest.Mobile.MWHaudHeaderNavigationTest" name="test_SmartEnabledLink" time="6.644"/>
  <system-out/>
  <testcase classname="com.haud.qa.exercise.SeleniumTest.Mobile.MWHaudHeaderNavigationTest" name="test_SmartNvisionLink" time="9.008"/>
  <system-out/>
  <testcase classname="com.haud.qa.exercise.SeleniumTest.Mobile.MWHaudHeaderNavigationTest" name="test_SmartBidLink" time="10.440"/>
  <system-out/>
  <testcase classname="com.haud.qa.exercise.SeleniumTest.Mobile.MWHaudHeaderNavigationTest" name="test_AboutHaudLink" time="9.447"/>
  <system-out/>
  <testcase classname="com.haud.qa.exercise.SeleniumTest.Mobile.MWHaudHeaderNavigationTest" name="test_CompanyLink" time="9.001"/>
  <system-out/>
  <testcase classname="com.haud.qa.exercise.SeleniumTest.Mobile.MWHaudHeaderNavigationTest" name="test_MeetTeamLink" time="9.131"/>
  <system-out/>
  <testcase classname="com.haud.qa.exercise.SeleniumTest.Mobile.MWHaudHeaderNavigationTest" name="test_CareersLink" time="9.132"/>
  <system-out/>
</testsuite> <!-- com.haud.qa.exercise.SeleniumTest.Mobile.MWHaudHeaderNavigationTest -->
