<?xml version="1.0" encoding="UTF-8"?>
<!-- Generated by org.testng.reporters.JUnitReportReporter -->
<testsuite hostname="Praveens-MacBook-Pro.local" failures="0" tests="17" name="com.haud.qa.exercise.SeleniumTest.Desktop.DTHaudHeaderNavigationTest" time="133.377" errors="0" timestamp="2021-05-31T13:30:08 IST" skipped="0">
  <testcase classname="com.haud.qa.exercise.SeleniumTest.Desktop.DTHaudHeaderNavigationTest" name="test_LogoClick" time="7.803"/>
  <system-out/>
  <testcase classname="com.haud.qa.exercise.SeleniumTest.Desktop.DTHaudHeaderNavigationTest" name="test_HomeLink" time="5.963"/>
  <system-out/>
  <testcase classname="com.haud.qa.exercise.SeleniumTest.Desktop.DTHaudHeaderNavigationTest" name="test_KnowledgeCenterLink" time="8.413"/>
  <system-out/>
  <testcase classname="com.haud.qa.exercise.SeleniumTest.Desktop.DTHaudHeaderNavigationTest" name="test_TrendingTopicsLink" time="8.076"/>
  <system-out/>
  <testcase classname="com.haud.qa.exercise.SeleniumTest.Desktop.DTHaudHeaderNavigationTest" name="test_ContactLink" time="7.235"/>
  <system-out/>
  <testcase classname="com.haud.qa.exercise.SeleniumTest.Desktop.DTHaudHeaderNavigationTest" name="test_HaudSolutionsLink" time="8.731"/>
  <system-out/>
  <testcase classname="com.haud.qa.exercise.SeleniumTest.Desktop.DTHaudHeaderNavigationTest" name="test_SmartXchangeLink" time="9.873"/>
  <system-out/>
  <testcase classname="com.haud.qa.exercise.SeleniumTest.Desktop.DTHaudHeaderNavigationTest" name="test_SmartNForceLink" time="7.821"/>
  <system-out/>
  <testcase classname="com.haud.qa.exercise.SeleniumTest.Desktop.DTHaudHeaderNavigationTest" name="test_SmartChargeLink" time="7.290"/>
  <system-out/>
  <testcase classname="com.haud.qa.exercise.SeleniumTest.Desktop.DTHaudHeaderNavigationTest" name="test_SmartEnabledLink" time="8.008"/>
  <system-out/>
  <testcase classname="com.haud.qa.exercise.SeleniumTest.Desktop.DTHaudHeaderNavigationTest" name="test_SmartNvisionLink" time="8.133"/>
  <system-out/>
  <testcase classname="com.haud.qa.exercise.SeleniumTest.Desktop.DTHaudHeaderNavigationTest" name="test_SmartBidLink" time="7.570"/>
  <system-out/>
  <testcase classname="com.haud.qa.exercise.SeleniumTest.Desktop.DTHaudHeaderNavigationTest" name="test_AboutHaudLink" time="7.013"/>
  <system-out/>
  <testcase classname="com.haud.qa.exercise.SeleniumTest.Desktop.DTHaudHeaderNavigationTest" name="test_AboutUsMenu" time="6.962"/>
  <system-out/>
  <testcase classname="com.haud.qa.exercise.SeleniumTest.Desktop.DTHaudHeaderNavigationTest" name="test_CompanyLink" time="7.684"/>
  <system-out/>
  <testcase classname="com.haud.qa.exercise.SeleniumTest.Desktop.DTHaudHeaderNavigationTest" name="test_MeetTeamLink" time="7.715"/>
  <system-out/>
  <testcase classname="com.haud.qa.exercise.SeleniumTest.Desktop.DTHaudHeaderNavigationTest" name="test_CareersLink" time="9.087"/>
  <system-out/>
</testsuite> <!-- com.haud.qa.exercise.SeleniumTest.Desktop.DTHaudHeaderNavigationTest -->
