<?xml version="1.0" encoding="UTF-8"?>
<!-- Generated by org.testng.reporters.JUnitReportReporter -->
<testsuite hostname="Praveens-MacBook-Pro.local" failures="0" tests="18" name="com.haud.qa.exercise.SeleniumTest.Desktop.DTHaudHeaderNavigationTest" time="144.817" errors="0" timestamp="2021-05-31T16:11:25 IST" skipped="0">
  <testcase classname="com.haud.qa.exercise.SeleniumTest.Desktop.DTHaudHeaderNavigationTest" name="test_LogoClick" time="7.644"/>
  <system-out/>
  <testcase classname="com.haud.qa.exercise.SeleniumTest.Desktop.DTHaudHeaderNavigationTest" name="test_HomeLink" time="7.964"/>
  <system-out/>
  <testcase classname="com.haud.qa.exercise.SeleniumTest.Desktop.DTHaudHeaderNavigationTest" name="test_KnowledgeCenterLink" time="8.381"/>
  <system-out/>
  <testcase classname="com.haud.qa.exercise.SeleniumTest.Desktop.DTHaudHeaderNavigationTest" name="test_TrendingTopicsLink" time="8.037"/>
  <system-out/>
  <testcase classname="com.haud.qa.exercise.SeleniumTest.Desktop.DTHaudHeaderNavigationTest" name="test_ContactLink" time="7.867"/>
  <system-out/>
  <testcase classname="com.haud.qa.exercise.SeleniumTest.Desktop.DTHaudHeaderNavigationTest" name="test_HaudSolutionsLink" time="9.284"/>
  <system-out/>
  <testcase classname="com.haud.qa.exercise.SeleniumTest.Desktop.DTHaudHeaderNavigationTest" name="test_HaudSolutionsDropDown" time="6.326"/>
  <system-out/>
  <testcase classname="com.haud.qa.exercise.SeleniumTest.Desktop.DTHaudHeaderNavigationTest" name="test_AboutUsMenu" time="6.986"/>
  <system-out/>
  <testcase classname="com.haud.qa.exercise.SeleniumTest.Desktop.DTHaudHeaderNavigationTest" name="test_SmartXchangeLink" time="8.706"/>
  <system-out/>
  <testcase classname="com.haud.qa.exercise.SeleniumTest.Desktop.DTHaudHeaderNavigationTest" name="test_SmartNForceLink" time="9.432"/>
  <system-out/>
  <testcase classname="com.haud.qa.exercise.SeleniumTest.Desktop.DTHaudHeaderNavigationTest" name="test_SmartChargeLink" time="8.071"/>
  <system-out/>
  <testcase classname="com.haud.qa.exercise.SeleniumTest.Desktop.DTHaudHeaderNavigationTest" name="test_SmartEnabledLink" time="5.937"/>
  <system-out/>
  <testcase classname="com.haud.qa.exercise.SeleniumTest.Desktop.DTHaudHeaderNavigationTest" name="test_SmartNvisionLink" time="8.036"/>
  <system-out/>
  <testcase classname="com.haud.qa.exercise.SeleniumTest.Desktop.DTHaudHeaderNavigationTest" name="test_SmartBidLink" time="9.529"/>
  <system-out/>
  <testcase classname="com.haud.qa.exercise.SeleniumTest.Desktop.DTHaudHeaderNavigationTest" name="test_AboutHaudLink" time="7.618"/>
  <system-out/>
  <testcase classname="com.haud.qa.exercise.SeleniumTest.Desktop.DTHaudHeaderNavigationTest" name="test_CompanyLink" time="7.831"/>
  <system-out/>
  <testcase classname="com.haud.qa.exercise.SeleniumTest.Desktop.DTHaudHeaderNavigationTest" name="test_MeetTeamLink" time="8.229"/>
  <system-out/>
  <testcase classname="com.haud.qa.exercise.SeleniumTest.Desktop.DTHaudHeaderNavigationTest" name="test_CareersLink" time="8.939"/>
  <system-out/>
</testsuite> <!-- com.haud.qa.exercise.SeleniumTest.Desktop.DTHaudHeaderNavigationTest -->
